<?xml version='1.0' encoding='UTF-8'?>
<testsuite hostname="Kubuntu2004" name="gcd.GCDSpec" tests="1" errors="0" failures="0" skipped="0" time="3.13" timestamp="2023-07-14T14:01:14">
          <properties>
[...]
</properties>
          <testcase classname="gcd.GCDSpec" name="Gcd should calculate proper greatest common denominator" time="3.13">
                      
                    </testcase>
          <system-out><![CDATA[]]></system-out>
          <system-err><![CDATA[]]></system-err>
        </testsuite>